shard_size = 0 shard_count = 0
Seeding random numbers with system clock 
name: case value: true
Data::m_score_type BLEU
Data::Scorer type from Scorer: BLEU
Loading Data from: run1.scores.dat and run1.features.dat
loading feature data from run1.features.dat
loading score data from run1.scores.dat
Loading Data from: run2.scores.dat and run2.features.dat
loading feature data from run2.features.dat
loading score data from run2.scores.dat
Loading Data from: run3.scores.dat and run3.features.dat
loading feature data from run3.features.dat
loading score data from run3.scores.dat
Loading Data from: run4.scores.dat and run4.features.dat
loading feature data from run4.features.dat
loading score data from run4.scores.dat
Data loaded : [Wall 82.9544 CPU 82.932] seconds.
Creating a pool of 1 threads
Best point: 0.0442097 0.00757554 0.0514603 0.0685818 0.0640737 0.0818921 0.0154245 0.0515191 -0.22843 0.160935 0.0706493 0.00673798 0.14056 0.00795059  => 0.48974
Stopping... : [Wall 952.614 CPU 952.56] seconds.
