shard_size = 0 shard_count = 0
Seeding random numbers with system clock 
name: case value: true
Data::m_score_type BLEU
Data::Scorer type from Scorer: BLEU
Loading Data from: run1.scores.dat and run1.features.dat
loading feature data from run1.features.dat
loading score data from run1.scores.dat
Loading Data from: run2.scores.dat and run2.features.dat
loading feature data from run2.features.dat
loading score data from run2.scores.dat
Loading Data from: run3.scores.dat and run3.features.dat
loading feature data from run3.features.dat
loading score data from run3.scores.dat
Loading Data from: run4.scores.dat and run4.features.dat
loading feature data from run4.features.dat
loading score data from run4.scores.dat
Loading Data from: run5.scores.dat and run5.features.dat
loading feature data from run5.features.dat
loading score data from run5.scores.dat
Data loaded : [Wall 101.002 CPU 101] seconds.
Creating a pool of 1 threads
Best point: 0.0439375 0.0075289 0.0573 0.0681596 0.0636793 0.081388 0.0153295 0.0512019 -0.227024 0.159944 0.0702144 0.0066965 0.139695 0.00790165  => 0.489871
Stopping... : [Wall 921.431 CPU 921.384] seconds.
